18:05:41.743 [main] ERROR c.m.m.service.impl.PaymentServiceImp - If your payment is external, you cannot have a payer id 'asdfasdf21a2s'
18:42:27.651 [main] ERROR c.m.m.service.impl.PaymentServiceImp - If your payment is external, you cannot have a payer id 'asdfasdf21a2s'
18:42:31.372 [background-preinit] INFO  o.h.validator.internal.util.Version - HV000001: Hibernate Validator 6.2.4.Final
18:42:31.891 [main] INFO  o.s.c.c.c.ConfigServicePropertySourceLocator - Fetching config from server at : http://localhost:8888
18:42:33.011 [main] INFO  o.s.c.c.c.ConfigServicePropertySourceLocator - Located environment: name=movementsmicroservice, profiles=[dev], label=null, version=75a875ecd31044cccca1a9572bfffd4ab31f5bb1, state=null
18:42:33.012 [main] INFO  o.s.c.b.c.PropertySourceBootstrapConfiguration - Located property source: [BootstrapPropertySource {name='bootstrapProperties-configClient'}, BootstrapPropertySource {name='bootstrapProperties-https://github.com/LudwinNtt/service-configuration/file:C:\Users\Landy\AppData\Local\Temp\config-repo-4856317510216114134\movementsmicroservice-dev.yml'}]
18:42:33.025 [main] INFO  c.m.m.MovementsmicroserviceApplication - No active profile set, falling back to 1 default profile: "default"
18:42:33.407 [main] INFO  o.s.d.r.c.RepositoryConfigurationDelegate - Bootstrapping Spring Data Reactive MongoDB repositories in DEFAULT mode.
18:42:33.513 [main] INFO  o.s.d.r.c.RepositoryConfigurationDelegate - Finished Spring Data repository scanning in 102 ms. Found 3 Reactive MongoDB repository interfaces.
18:42:33.652 [main] INFO  o.s.cloud.context.scope.GenericScope - BeanFactory id=7cde8bb6-be0e-3742-9685-293924295b1e
18:42:33.692 [main] INFO  o.s.c.s.PostProcessorRegistrationDelegate$BeanPostProcessorChecker - Bean 'org.springframework.cloud.client.loadbalancer.reactive.LoadBalancerBeanPostProcessorAutoConfiguration' of type [org.springframework.cloud.client.loadbalancer.reactive.LoadBalancerBeanPostProcessorAutoConfiguration] is not eligible for getting processed by all BeanPostProcessors (for example: not eligible for auto-proxying)
18:42:33.693 [main] INFO  o.s.c.s.PostProcessorRegistrationDelegate$BeanPostProcessorChecker - Bean 'org.springframework.cloud.client.loadbalancer.reactive.LoadBalancerBeanPostProcessorAutoConfiguration$ReactorDeferringLoadBalancerFilterConfig' of type [org.springframework.cloud.client.loadbalancer.reactive.LoadBalancerBeanPostProcessorAutoConfiguration$ReactorDeferringLoadBalancerFilterConfig] is not eligible for getting processed by all BeanPostProcessors (for example: not eligible for auto-proxying)
18:42:33.694 [main] INFO  o.s.c.s.PostProcessorRegistrationDelegate$BeanPostProcessorChecker - Bean 'reactorDeferringLoadBalancerExchangeFilterFunction' of type [org.springframework.cloud.client.loadbalancer.reactive.DeferringLoadBalancerExchangeFilterFunction] is not eligible for getting processed by all BeanPostProcessors (for example: not eligible for auto-proxying)
18:42:34.110 [main] INFO  org.mongodb.driver.cluster - Cluster created with settings {hosts=[localhost:27017], mode=SINGLE, requiredClusterType=UNKNOWN, serverSelectionTimeout='30000 ms'}
18:42:34.165 [cluster-rtt-ClusterId{value='67bfa6ea830e1917a198fcf2', description='null'}-localhost:27017] INFO  org.mongodb.driver.connection - Opened connection [connectionId{localValue:2, serverValue:64}] to localhost:27017
18:42:34.165 [cluster-ClusterId{value='67bfa6ea830e1917a198fcf2', description='null'}-localhost:27017] INFO  org.mongodb.driver.connection - Opened connection [connectionId{localValue:1, serverValue:63}] to localhost:27017
18:42:34.165 [cluster-ClusterId{value='67bfa6ea830e1917a198fcf2', description='null'}-localhost:27017] INFO  org.mongodb.driver.cluster - Monitor thread successfully connected to server with description ServerDescription{address=localhost:27017, type=STANDALONE, state=CONNECTED, ok=true, minWireVersion=0, maxWireVersion=25, maxDocumentSize=16777216, logicalSessionTimeoutMinutes=30, roundTripTimeNanos=17091500}
18:42:34.211 [main] WARN  o.s.data.convert.CustomConversions - Registering converter from class java.time.LocalDateTime to class org.joda.time.LocalDateTime as reading converter although it doesn't convert from a store-supported type; You might want to check your annotation setup at the converter implementation
18:42:34.238 [main] WARN  o.s.data.convert.CustomConversions - Registering converter from class java.time.LocalDateTime to class org.joda.time.LocalDateTime as reading converter although it doesn't convert from a store-supported type; You might want to check your annotation setup at the converter implementation
18:42:35.694 [main] INFO  o.s.c.n.e.c.DiscoveryClientOptionalArgsConfiguration - Eureka HTTP Client uses RestTemplate.
18:42:36.096 [main] WARN  o.s.c.l.c.LoadBalancerCacheAutoConfiguration$LoadBalancerCaffeineWarnLogger - Spring Cloud LoadBalancer is currently working with the default cache. While this cache implementation is useful for development and tests, it's recommended to use Caffeine cache in production.You can switch to using Caffeine cache, by adding it and org.springframework.cache.caffeine.CaffeineCacheManager to the classpath.
18:42:36.116 [main] INFO  o.s.c.n.eureka.InstanceInfoFactory - Setting initial instance status as: STARTING
18:42:36.243 [main] INFO  c.netflix.discovery.DiscoveryClient - Initializing Eureka in region us-east-1
18:42:36.254 [main] INFO  c.n.d.s.r.aws.ConfigClusterResolver - Resolving eureka endpoints via configuration
18:42:36.293 [main] INFO  c.netflix.discovery.DiscoveryClient - Disable delta property : false
18:42:36.293 [main] INFO  c.netflix.discovery.DiscoveryClient - Single vip registry refresh property : null
18:42:36.293 [main] INFO  c.netflix.discovery.DiscoveryClient - Force full registry fetch : false
18:42:36.293 [main] INFO  c.netflix.discovery.DiscoveryClient - Application is null : false
18:42:36.293 [main] INFO  c.netflix.discovery.DiscoveryClient - Registered Applications size is zero : true
18:42:36.293 [main] INFO  c.netflix.discovery.DiscoveryClient - Application version is -1: true
18:42:36.293 [main] INFO  c.netflix.discovery.DiscoveryClient - Getting all instance registry info from the eureka server
18:42:36.561 [main] INFO  c.netflix.discovery.DiscoveryClient - The response status is 200
18:42:36.562 [main] INFO  c.netflix.discovery.DiscoveryClient - Starting heartbeat executor: renew interval is: 30
18:42:36.564 [main] INFO  c.n.discovery.InstanceInfoReplicator - InstanceInfoReplicator onDemand update allowed rate per min is 4
18:42:36.571 [main] INFO  c.netflix.discovery.DiscoveryClient - Discovery Client initialized at timestamp 1740613356570 with initial instances count: 3
18:42:36.571 [main] INFO  o.s.c.n.e.s.EurekaServiceRegistry - Registering application MOVEMENTSMICROSERVICE with eureka with status UP
18:42:36.572 [main] INFO  c.netflix.discovery.DiscoveryClient - Saw local status change event StatusChangeEvent [timestamp=1740613356572, current=UP, previous=STARTING]
18:42:36.573 [DiscoveryClient-InstanceInfoReplicator-0] INFO  c.netflix.discovery.DiscoveryClient - DiscoveryClient_MOVEMENTSMICROSERVICE/DESKTOP-UCROLG2:movementsmicroservice:8082: registering service...
18:42:36.629 [DiscoveryClient-InstanceInfoReplicator-0] INFO  c.netflix.discovery.DiscoveryClient - DiscoveryClient_MOVEMENTSMICROSERVICE/DESKTOP-UCROLG2:movementsmicroservice:8082 - registration status: 204
18:42:36.862 [main] INFO  o.s.b.w.e.netty.NettyWebServer - Netty started on port 8082
18:42:36.863 [main] INFO  o.s.c.n.e.s.EurekaAutoServiceRegistration - Updating port to 8082
18:42:37.152 [main] INFO  c.m.m.MovementsmicroserviceApplication - Started MovementsmicroserviceApplication in 6.29 seconds (JVM running for 6.722)
18:42:44.186 [cluster-rtt-ClusterId{value='67bfa6ea830e1917a198fcf2', description='null'}-localhost:27017] DEBUG org.mongodb.driver.protocol.command - Sending command '{"hello": 1, "$db": "admin"}' with request id 4 to database admin on connection [connectionId{localValue:2, serverValue:64}] to server localhost:27017
18:42:44.188 [cluster-rtt-ClusterId{value='67bfa6ea830e1917a198fcf2', description='null'}-localhost:27017] DEBUG org.mongodb.driver.protocol.command - Execution of command with request id 4 completed successfully in 15.73 ms on connection [connectionId{localValue:2, serverValue:64}] to server localhost:27017
18:42:54.200 [cluster-rtt-ClusterId{value='67bfa6ea830e1917a198fcf2', description='null'}-localhost:27017] DEBUG org.mongodb.driver.protocol.command - Sending command '{"hello": 1, "$db": "admin"}' with request id 5 to database admin on connection [connectionId{localValue:2, serverValue:64}] to server localhost:27017
18:42:54.202 [cluster-rtt-ClusterId{value='67bfa6ea830e1917a198fcf2', description='null'}-localhost:27017] DEBUG org.mongodb.driver.protocol.command - Execution of command with request id 5 completed successfully in 1.78 ms on connection [connectionId{localValue:2, serverValue:64}] to server localhost:27017
18:43:04.208 [cluster-rtt-ClusterId{value='67bfa6ea830e1917a198fcf2', description='null'}-localhost:27017] DEBUG org.mongodb.driver.protocol.command - Sending command '{"hello": 1, "$db": "admin"}' with request id 6 to database admin on connection [connectionId{localValue:2, serverValue:64}] to server localhost:27017
18:43:04.211 [cluster-rtt-ClusterId{value='67bfa6ea830e1917a198fcf2', description='null'}-localhost:27017] DEBUG org.mongodb.driver.protocol.command - Execution of command with request id 6 completed successfully in 2.31 ms on connection [connectionId{localValue:2, serverValue:64}] to server localhost:27017
18:43:14.221 [cluster-rtt-ClusterId{value='67bfa6ea830e1917a198fcf2', description='null'}-localhost:27017] DEBUG org.mongodb.driver.protocol.command - Sending command '{"hello": 1, "$db": "admin"}' with request id 7 to database admin on connection [connectionId{localValue:2, serverValue:64}] to server localhost:27017
18:43:14.224 [cluster-rtt-ClusterId{value='67bfa6ea830e1917a198fcf2', description='null'}-localhost:27017] DEBUG org.mongodb.driver.protocol.command - Execution of command with request id 7 completed successfully in 2.55 ms on connection [connectionId{localValue:2, serverValue:64}] to server localhost:27017
18:43:24.227 [cluster-rtt-ClusterId{value='67bfa6ea830e1917a198fcf2', description='null'}-localhost:27017] DEBUG org.mongodb.driver.protocol.command - Sending command '{"hello": 1, "$db": "admin"}' with request id 8 to database admin on connection [connectionId{localValue:2, serverValue:64}] to server localhost:27017
18:43:24.229 [cluster-rtt-ClusterId{value='67bfa6ea830e1917a198fcf2', description='null'}-localhost:27017] DEBUG org.mongodb.driver.protocol.command - Execution of command with request id 8 completed successfully in 2.05 ms on connection [connectionId{localValue:2, serverValue:64}] to server localhost:27017
18:43:34.241 [cluster-rtt-ClusterId{value='67bfa6ea830e1917a198fcf2', description='null'}-localhost:27017] DEBUG org.mongodb.driver.protocol.command - Sending command '{"hello": 1, "$db": "admin"}' with request id 9 to database admin on connection [connectionId{localValue:2, serverValue:64}] to server localhost:27017
18:43:34.243 [cluster-rtt-ClusterId{value='67bfa6ea830e1917a198fcf2', description='null'}-localhost:27017] DEBUG org.mongodb.driver.protocol.command - Execution of command with request id 9 completed successfully in 2.24 ms on connection [connectionId{localValue:2, serverValue:64}] to server localhost:27017
18:43:39.696 [SpringApplicationShutdownHook] INFO  o.s.c.n.e.s.EurekaServiceRegistry - Unregistering application MOVEMENTSMICROSERVICE with eureka with status DOWN
18:43:39.697 [SpringApplicationShutdownHook] INFO  c.netflix.discovery.DiscoveryClient - Saw local status change event StatusChangeEvent [timestamp=1740613419697, current=DOWN, previous=UP]
18:43:39.697 [DiscoveryClient-InstanceInfoReplicator-0] INFO  c.netflix.discovery.DiscoveryClient - DiscoveryClient_MOVEMENTSMICROSERVICE/DESKTOP-UCROLG2:movementsmicroservice:8082: registering service...
18:43:39.713 [DiscoveryClient-InstanceInfoReplicator-0] INFO  c.netflix.discovery.DiscoveryClient - DiscoveryClient_MOVEMENTSMICROSERVICE/DESKTOP-UCROLG2:movementsmicroservice:8082 - registration status: 204
18:43:41.809 [SpringApplicationShutdownHook] INFO  c.netflix.discovery.DiscoveryClient - Shutting down DiscoveryClient ...
